<?xml version="1.0" encoding="UTF-8"?>
<testsuite xmlns:xsi="http://www.w3.org/2001/XMLSchema-instance" xsi:noNamespaceSchemaLocation="https://maven.apache.org/surefire/maven-surefire-plugin/xsd/surefire-test-report-3.0.xsd" version="3.0" name="io.github.JonusClapshaw.centroidFinder.DistanceImageBinarizerTest" time="0.018" tests="14" errors="0" skipped="0" failures="0">
  <properties>
[...]
</properties>
  <testcase name="testNonSquareImageDimensionsArePreserved" classname="io.github.JonusClapshaw.centroidFinder.DistanceImageBinarizerTest" time="0.001"/>
  <testcase name="testToBinaryArrayUsesStrictlyLessThanThreshold" classname="io.github.JonusClapshaw.centroidFinder.DistanceImageBinarizerTest" time="0.001"/>
  <testcase name="testToBinaryArrayUsesDistanceFinderForEachPixel" classname="io.github.JonusClapshaw.centroidFinder.DistanceImageBinarizerTest" time="0.002"/>
  <testcase name="testDistanceFinderIsCalledWithTargetColorForEachPixelInNonSquareImage" classname="io.github.JonusClapshaw.centroidFinder.DistanceImageBinarizerTest" time="0.001"/>
  <testcase name="testSinglePixelImageAboveThreshold" classname="io.github.JonusClapshaw.centroidFinder.DistanceImageBinarizerTest" time="0.001"/>
  <testcase name="testToBufferedImageConvertsZeroToBlackAndOneToWhite" classname="io.github.JonusClapshaw.centroidFinder.DistanceImageBinarizerTest" time="0.001"/>
  <testcase name="testAllPixelsBelowThresholdProducesAllOnes" classname="io.github.JonusClapshaw.centroidFinder.DistanceImageBinarizerTest" time="0.001"/>
  <testcase name="testToBinaryArrayMasksOutAlphaBitsBeforeDistanceCalculation" classname="io.github.JonusClapshaw.centroidFinder.DistanceImageBinarizerTest" time="0.001"/>
  <testcase name="testToBufferedImageDimensionsMatchInputArray" classname="io.github.JonusClapshaw.centroidFinder.DistanceImageBinarizerTest" time="0.001"/>
  <testcase name="testToBufferedImageSinglePixelBlack" classname="io.github.JonusClapshaw.centroidFinder.DistanceImageBinarizerTest" time="0.001"/>
  <testcase name="testToBufferedImageSinglePixelWhite" classname="io.github.JonusClapshaw.centroidFinder.DistanceImageBinarizerTest" time="0.0"/>
  <testcase name="testAllPixelsAboveThresholdProducesAllZeros" classname="io.github.JonusClapshaw.centroidFinder.DistanceImageBinarizerTest" time="0.0"/>
  <testcase name="testZeroThresholdAlwaysProducesBlack" classname="io.github.JonusClapshaw.centroidFinder.DistanceImageBinarizerTest" time="0.0"/>
  <testcase name="testSinglePixelImageBelowThreshold" classname="io.github.JonusClapshaw.centroidFinder.DistanceImageBinarizerTest" time="0.001"/>
</testsuite>